Warning: CapabilityPattern:Gestão: missing resource file './../../kanban/capabilitypatterns/resources/Gest&atilde;o_98117C5B_ActivityDetail.jpeg'
Warning: CapabilityPattern:Gestão: missing resource file './../../kanban/capabilitypatterns/resources/Gest&atilde;o_98117C5B_ActivityDetail.jpeg'
Warning: Task:definir_tarefa: missing resource file './../../kanban/capabilitypatterns/Gest&atilde;o_98117C5B.html'
Warning: Task:definir_tarefa: missing resource file './../../kanban/deliveryprocesses/Gest&atilde;o_2BE12624.html'
Warning: Role:desenvolvedor: missing resource file './../../kanban/capabilitypatterns/Gest&atilde;o_98117C5B.html'
Warning: Role:desenvolvedor: missing resource file './../../kanban/capabilitypatterns/Implementa&ccedil;&atilde;o_D1594D1A.html'
Warning: Role:desenvolvedor: missing resource file './../../kanban/deliveryprocesses/Gest&atilde;o_2BE12624.html'
Warning: Role:desenvolvedor: missing resource file './../../kanban/deliveryprocesses/Implementa&ccedil;&atilde;o_5ED5B45D.html'
Warning: Role:gerente: missing resource file './../../kanban/capabilitypatterns/Gest&atilde;o_98117C5B.html'
Warning: Role:gerente: missing resource file './../../kanban/capabilitypatterns/Implementa&ccedil;&atilde;o_D1594D1A.html'
Warning: Role:gerente: missing resource file './../../kanban/deliveryprocesses/Gest&atilde;o_2BE12624.html'
Warning: Role:gerente: missing resource file './../../kanban/deliveryprocesses/Implementa&ccedil;&atilde;o_5ED5B45D.html'
Warning: Artifact:cartao: missing resource file './../../kanban/capabilitypatterns/Gest&atilde;o_98117C5B.html'
Warning: Artifact:cartao: missing resource file './../../kanban/capabilitypatterns/Implementa&ccedil;&atilde;o_D1594D1A.html'
Warning: Artifact:cartao: missing resource file './../../kanban/deliveryprocesses/Gest&atilde;o_2BE12624.html'
Warning: Artifact:cartao: missing resource file './../../kanban/deliveryprocesses/Implementa&ccedil;&atilde;o_5ED5B45D.html'
Warning: Artifact:colunas: missing resource file './../../kanban/capabilitypatterns/Gest&atilde;o_98117C5B.html'
Warning: Artifact:colunas: missing resource file './../../kanban/capabilitypatterns/Implementa&ccedil;&atilde;o_D1594D1A.html'
Warning: Artifact:colunas: missing resource file './../../kanban/deliveryprocesses/Gest&atilde;o_2BE12624.html'
Warning: Artifact:colunas: missing resource file './../../kanban/deliveryprocesses/Implementa&ccedil;&atilde;o_5ED5B45D.html'
Warning: Artifact:quadro: missing resource file './../../kanban/capabilitypatterns/Gest&atilde;o_98117C5B.html'
Warning: Artifact:quadro: missing resource file './../../kanban/capabilitypatterns/Implementa&ccedil;&atilde;o_D1594D1A.html'
Warning: Artifact:quadro: missing resource file './../../kanban/deliveryprocesses/Gest&atilde;o_2BE12624.html'
Warning: Artifact:quadro: missing resource file './../../kanban/deliveryprocesses/Implementa&ccedil;&atilde;o_5ED5B45D.html'
Warning: Task:definir_metas: missing resource file './../../kanban/capabilitypatterns/Gest&atilde;o_98117C5B.html'
Warning: Task:definir_metas: missing resource file './../../kanban/deliveryprocesses/Gest&atilde;o_2BE12624.html'
Warning: CapabilityPattern:Implementação: missing resource file './../../kanban/capabilitypatterns/resources/Implementa&ccedil;&atilde;o_D1594D1A_ActivityDetail.jpeg'
Warning: CapabilityPattern:Implementação: missing resource file './../../kanban/capabilitypatterns/resources/Implementa&ccedil;&atilde;o_D1594D1A_ActivityDetail.jpeg'
Warning: Task:realizar_tarefa: missing resource file './../../kanban/capabilitypatterns/Implementa&ccedil;&atilde;o_D1594D1A.html'
Warning: Task:realizar_tarefa: missing resource file './../../kanban/deliveryprocesses/Implementa&ccedil;&atilde;o_5ED5B45D.html'
Warning: Task:resalizar_testes_unitrios: missing resource file './../../kanban/capabilitypatterns/Implementa&ccedil;&atilde;o_D1594D1A.html'
Warning: Task:resalizar_testes_unitrios: missing resource file './../../kanban/deliveryprocesses/Implementa&ccedil;&atilde;o_5ED5B45D.html'
Warning: Task:implantao: missing resource file './../../kanban/capabilitypatterns/Implementa&ccedil;&atilde;o_D1594D1A.html'
Warning: Task:implantao: missing resource file './../../kanban/deliveryprocesses/Implementa&ccedil;&atilde;o_5ED5B45D.html'
Warning: Iteration:Sprint: missing resource file './../../kanban/deliveryprocesses/Gest&atilde;o_2BE12624.html'
Warning: Iteration:Sprint: missing resource file './../../kanban/deliveryprocesses/Implementa&ccedil;&atilde;o_5ED5B45D.html'
Warning: Iteration:Sprint: missing resource file './../../kanban/deliveryprocesses/Gest&atilde;o_2BE12624.html'
Warning: Iteration:Sprint: missing resource file './../../kanban/deliveryprocesses/Implementa&ccedil;&atilde;o_5ED5B45D.html'
Warning: CapabilityPattern:Gestão: missing resource file './../../kanban/deliveryprocesses/resources/Gest&atilde;o_2BE12624_Activity.jpeg'
Warning: CapabilityPattern:Gestão: missing resource file './../../kanban/deliveryprocesses/resources/Gest&atilde;o_2BE12624_ActivityDetail.jpeg'
Warning: CapabilityPattern:Gestão: missing resource file './../../kanban/capabilitypatterns/Gest&atilde;o_98117C5B.html'
Warning: CapabilityPattern:Gestão: missing resource file './../../kanban/capabilitypatterns/Gest&atilde;o_98117C5B.html'
Warning: CapabilityPattern:Gestão: missing resource file './../../kanban/capabilitypatterns/Gest&atilde;o_98117C5B.html'
Warning: CapabilityPattern:Gestão: missing resource file './../../kanban/capabilitypatterns/Gest&atilde;o_98117C5B.html'
Warning: CapabilityPattern:Gestão: missing resource file './../../kanban/deliveryprocesses/resources/Gest&atilde;o_2BE12624_Activity.jpeg'
Warning: CapabilityPattern:Gestão: missing resource file './../../kanban/deliveryprocesses/resources/Gest&atilde;o_2BE12624_ActivityDetail.jpeg'
Warning: CapabilityPattern:Gestão: missing resource file './../../kanban/capabilitypatterns/Gest&atilde;o_98117C5B.html'
Warning: CapabilityPattern:Implementação: missing resource file './../../kanban/deliveryprocesses/resources/Implementa&ccedil;&atilde;o_5ED5B45D_Activity.jpeg'
Warning: CapabilityPattern:Implementação: missing resource file './../../kanban/deliveryprocesses/resources/Implementa&ccedil;&atilde;o_5ED5B45D_ActivityDetail.jpeg'
Warning: CapabilityPattern:Implementação: missing resource file './../../kanban/capabilitypatterns/Implementa&ccedil;&atilde;o_D1594D1A.html'
Warning: CapabilityPattern:Implementação: missing resource file './../../kanban/capabilitypatterns/Implementa&ccedil;&atilde;o_D1594D1A.html'
Warning: CapabilityPattern:Implementação: missing resource file './../../kanban/capabilitypatterns/Implementa&ccedil;&atilde;o_D1594D1A.html'
Warning: CapabilityPattern:Implementação: missing resource file './../../kanban/capabilitypatterns/Implementa&ccedil;&atilde;o_D1594D1A.html'
Warning: CapabilityPattern:Implementação: missing resource file './../../kanban/deliveryprocesses/resources/Implementa&ccedil;&atilde;o_5ED5B45D_Activity.jpeg'
Warning: CapabilityPattern:Implementação: missing resource file './../../kanban/deliveryprocesses/resources/Implementa&ccedil;&atilde;o_5ED5B45D_ActivityDetail.jpeg'
Warning: CapabilityPattern:Implementação: missing resource file './../../kanban/capabilitypatterns/Implementa&ccedil;&atilde;o_D1594D1A.html'
